Base path: 'E:/Unity/2019.3.0a7/Editor/Data', plugins path 'E:/Unity/2019.3.0a7/Editor/Data/PlaybackEngines'
Cmd: initializeCompiler
Cmd: compileComputeKernel
  error: 1 plat 4 at RayTracingShader.compute(163): loop only executes for 1 iteration(s), forcing loop to unroll
  api=4 insize=4493 outsize=2543 ok=1
Cmd: compileComputeKernel
  error: 2 plat 4 at RayTracingShader.compute(96): invalid subscript 'count'
  api=4 insize=4520 outsize=0 ok=0
Cmd: compileComputeKernel
  api=4 insize=5054 outsize=5432 ok=1
Cmd: compileComputeKernel
  api=4 insize=5054 outsize=5412 ok=1
Cmd: compileComputeKernel
  api=4 insize=5166 outsize=6714 ok=1
Cmd: compileComputeKernel
  error: 2 plat 4 at RayTracingShader.compute(117): 'IntersectSphere': no matching 4 parameter function
  api=4 insize=5401 outsize=0 ok=0
Cmd: compileComputeKernel
  api=4 insize=5417 outsize=5598 ok=1
Cmd: compileComputeKernel
  api=4 insize=5509 outsize=5586 ok=1
